<?xml version="1.0" encoding="UTF-8"?>
<!-- Generated by org.testng.reporters.JUnitReportReporter -->
<testsuite hostname="Aswin" failures="0" tests="2" name="runner.Salesforcerunner" time="17.708" errors="0" timestamp="2023-08-05T17:50:44 IST" skipped="0">
  <testcase classname="runner.Salesforcerunner" name="runScenario" time="13.594"/>
  <system-out/>
  <testcase classname="runner.Salesforcerunner" name="runScenario" time="4.114"/>
  <system-out/>
</testsuite> <!-- runner.Salesforcerunner -->
