<?xml version="1.0" encoding="UTF-8"?>
<!-- Generated by org.testng.reporters.JUnitReportReporter -->
<testsuite hostname="Aswin" failures="0" tests="1" name="runner.Createleadrunner" time="14.598" errors="0" timestamp="2023-08-06T16:22:28 IST" skipped="0">
  <testcase classname="runner.Createleadrunner" name="runScenario" time="14.598"/>
  <system-out/>
</testsuite> <!-- runner.Createleadrunner -->
